2025-02-07 04:48:09 Loading main app package /opt/Obsidian/resources/obsidian.asar
2025-02-07 04:48:10 Checking for update using Github
2025-02-07 04:48:14 Success.
2025-02-07 04:48:14 Latest version is 1.8.4
2025-02-07 04:48:14 App is up to date.
2025-02-07 04:55:27 Loading main app package /opt/Obsidian/resources/obsidian.asar
2025-02-07 04:55:27 Checking for update using Github
2025-02-07 04:55:27 Success.
2025-02-07 04:55:27 Latest version is 1.8.4
2025-02-07 04:55:27 App is up to date.
2025-02-07 05:11:52 Loading main app package /opt/Obsidian/resources/obsidian.asar
2025-02-07 05:11:52 Checking for update using Github
2025-02-07 05:51:40 Loading main app package /opt/Obsidian/resources/obsidian.asar
2025-02-07 05:51:42 Checking for update using Github
2025-02-07 05:51:44 Success.
2025-02-07 05:51:44 Latest version is 1.8.4
2025-02-07 05:51:44 App is up to date.
2025-02-07 05:52:02 Loading main app package /opt/Obsidian/resources/obsidian.asar
2025-02-07 05:52:02 Checking for update using Github
2025-02-07 05:52:02 Success.
2025-02-07 05:52:02 Latest version is 1.8.4
2025-02-07 05:52:02 App is up to date.
2025-02-07 05:52:11 Loading main app package /opt/Obsidian/resources/obsidian.asar
2025-02-07 05:52:11 Checking for update using Github
2025-02-07 05:52:11 Success.
2025-02-07 05:52:11 Latest version is 1.8.4
2025-02-07 05:52:11 App is up to date.
2025-02-07 05:54:18 Loading main app package /opt/Obsidian/resources/obsidian.asar
2025-02-07 05:54:18 Checking for update using Github
2025-02-07 05:54:19 Success.
2025-02-07 05:54:19 Latest version is 1.8.4
2025-02-07 05:54:19 App is up to date.
2025-02-07 05:54:51 Loading main app package /opt/Obsidian/resources/obsidian.asar
2025-02-07 05:54:51 Checking for update using Github
2025-02-07 06:26:53 Loading main app package /opt/Obsidian/resources/obsidian.asar
2025-02-07 06:26:53 Checking for update using Github
2025-02-07 06:26:54 Success.
2025-02-07 06:26:54 Latest version is 1.8.4
2025-02-07 06:26:54 App is up to date.
2025-02-07 06:27:56 Loading main app package /opt/Obsidian/resources/obsidian.asar
2025-02-07 06:27:57 Checking for update using Github
2025-02-07 06:27:57 Success.
2025-02-07 06:27:57 Latest version is 1.8.4
2025-02-07 06:27:57 App is up to date.
